<?xml version="1.0" encoding="UTF-8"?>
<!-- Generated by org.testng.reporters.JUnitXMLReporter -->
<testsuite ignored="0" hostname="DESKTOP-80O9E3M" failures="0" tests="10" name="Default test" time="0.057" errors="0" timestamp="2021-06-26T06:37:55 BST">
  <testcase classname="testng.Demo3" name="bust" time="0.007"/>
  <testcase classname="testng.Demo3" name="bust" time="0.001"/>
  <testcase classname="testng.Demo3" name="bust" time="0.0"/>
  <testcase classname="testng.Demo3" name="must" time="0.002"/>
  <testcase classname="testng.Demo3" name="test" time="0.001"/>
  <testcase classname="testng.Demo3" name="test" time="0.001"/>
  <testcase classname="testng.Demo3" name="lust" time="0.001"/>
  <testcase classname="testng.Demo3" name="lust" time="0.001"/>
  <testcase classname="testng.Demo3" name="lust" time="0.0"/>
  <testcase classname="testng.Demo3" name="lust" time="0.0"/>
</testsuite> <!-- Default test -->
