<?xml version="1.0" encoding="UTF-8"?>
<testng-results ignored="0" total="3" passed="3" failed="0" skipped="0">
  <reporter-output>
    <line>
      <![CDATA[print in reporter]]>
    </line>
    <line>
      <![CDATA[print in reporter and console]]>
    </line>
  </reporter-output>
  <suite started-at="2021-06-25T18:33:33 BST" name="Default suite" finished-at="2021-06-25T18:33:33 BST" duration-ms="47">
    <groups>
    </groups>
    <test started-at="2021-06-25T18:33:33 BST" name="Default test" finished-at="2021-06-25T18:33:33 BST" duration-ms="47">
      <class name="testng.Demo1">
        <test-method signature="test()[pri:0, instance:testng.Demo1@77eca502]" started-at="2021-06-25T18:33:33 BST" name="test" finished-at="2021-06-25T18:33:33 BST" duration-ms="5" status="PASS">
          <reporter-output>
          </reporter-output>
        </test-method> <!-- test -->
        <test-method signature="test1()[pri:0, instance:testng.Demo1@77eca502]" started-at="2021-06-25T18:33:33 BST" name="test1" finished-at="2021-06-25T18:33:33 BST" duration-ms="2" status="PASS">
          <reporter-output>
            <line>
              <![CDATA[print in reporter]]>
            </line>
          </reporter-output>
        </test-method> <!-- test1 -->
        <test-method signature="test2()[pri:0, instance:testng.Demo1@77eca502]" started-at="2021-06-25T18:33:33 BST" name="test2" finished-at="2021-06-25T18:33:33 BST" duration-ms="1" status="PASS">
          <reporter-output>
            <line>
              <![CDATA[print in reporter and console]]>
            </line>
          </reporter-output>
        </test-method> <!-- test2 -->
      </class> <!-- testng.Demo1 -->
    </test> <!-- Default test -->
  </suite> <!-- Default suite -->
</testng-results>
