<?xml version="1.0" encoding="UTF-8"?>
<testng-results ignored="0" total="10" passed="10" failed="0" skipped="0">
  <reporter-output>
    <line>
      <![CDATA[execute bust method]]>
    </line>
    <line>
      <![CDATA[execute bust method]]>
    </line>
    <line>
      <![CDATA[execute bust method]]>
    </line>
    <line>
      <![CDATA[execute must method]]>
    </line>
    <line>
      <![CDATA[execute test method]]>
    </line>
    <line>
      <![CDATA[execute test method]]>
    </line>
    <line>
      <![CDATA[execute lust method]]>
    </line>
    <line>
      <![CDATA[execute lust method]]>
    </line>
    <line>
      <![CDATA[execute lust method]]>
    </line>
    <line>
      <![CDATA[execute lust method]]>
    </line>
  </reporter-output>
  <suite started-at="2021-06-26T06:37:55 BST" name="Default suite" finished-at="2021-06-26T06:37:55 BST" duration-ms="57">
    <groups>
    </groups>
    <test started-at="2021-06-26T06:37:55 BST" name="Default test" finished-at="2021-06-26T06:37:55 BST" duration-ms="57">
      <class name="testng.Demo3">
        <test-method signature="bust()[pri:2, instance:testng.Demo3@2e222612]" started-at="2021-06-26T06:37:55 BST" name="bust" finished-at="2021-06-26T06:37:55 BST" duration-ms="7" status="PASS">
          <reporter-output>
            <line>
              <![CDATA[execute bust method]]>
            </line>
          </reporter-output>
        </test-method> <!-- bust -->
        <test-method signature="bust()[pri:2, instance:testng.Demo3@2e222612]" started-at="2021-06-26T06:37:55 BST" name="bust" finished-at="2021-06-26T06:37:55 BST" duration-ms="1" status="PASS">
          <reporter-output>
            <line>
              <![CDATA[execute bust method]]>
            </line>
          </reporter-output>
        </test-method> <!-- bust -->
        <test-method signature="bust()[pri:2, instance:testng.Demo3@2e222612]" started-at="2021-06-26T06:37:55 BST" name="bust" finished-at="2021-06-26T06:37:55 BST" duration-ms="0" status="PASS">
          <reporter-output>
            <line>
              <![CDATA[execute bust method]]>
            </line>
          </reporter-output>
        </test-method> <!-- bust -->
        <test-method signature="must()[pri:3, instance:testng.Demo3@2e222612]" started-at="2021-06-26T06:37:55 BST" name="must" finished-at="2021-06-26T06:37:55 BST" duration-ms="2" status="PASS">
          <reporter-output>
            <line>
              <![CDATA[execute must method]]>
            </line>
          </reporter-output>
        </test-method> <!-- must -->
        <test-method signature="test()[pri:4, instance:testng.Demo3@2e222612]" started-at="2021-06-26T06:37:55 BST" name="test" finished-at="2021-06-26T06:37:55 BST" duration-ms="1" status="PASS">
          <reporter-output>
            <line>
              <![CDATA[execute test method]]>
            </line>
          </reporter-output>
        </test-method> <!-- test -->
        <test-method signature="test()[pri:4, instance:testng.Demo3@2e222612]" started-at="2021-06-26T06:37:55 BST" name="test" finished-at="2021-06-26T06:37:55 BST" duration-ms="1" status="PASS">
          <reporter-output>
            <line>
              <![CDATA[execute test method]]>
            </line>
          </reporter-output>
        </test-method> <!-- test -->
        <test-method signature="lust()[pri:5, instance:testng.Demo3@2e222612]" started-at="2021-06-26T06:37:55 BST" name="lust" finished-at="2021-06-26T06:37:55 BST" duration-ms="1" status="PASS">
          <reporter-output>
            <line>
              <![CDATA[execute lust method]]>
            </line>
          </reporter-output>
        </test-method> <!-- lust -->
        <test-method signature="lust()[pri:5, instance:testng.Demo3@2e222612]" started-at="2021-06-26T06:37:55 BST" name="lust" finished-at="2021-06-26T06:37:55 BST" duration-ms="1" status="PASS">
          <reporter-output>
            <line>
              <![CDATA[execute lust method]]>
            </line>
          </reporter-output>
        </test-method> <!-- lust -->
        <test-method signature="lust()[pri:5, instance:testng.Demo3@2e222612]" started-at="2021-06-26T06:37:55 BST" name="lust" finished-at="2021-06-26T06:37:55 BST" duration-ms="0" status="PASS">
          <reporter-output>
            <line>
              <![CDATA[execute lust method]]>
            </line>
          </reporter-output>
        </test-method> <!-- lust -->
        <test-method signature="lust()[pri:5, instance:testng.Demo3@2e222612]" started-at="2021-06-26T06:37:55 BST" name="lust" finished-at="2021-06-26T06:37:55 BST" duration-ms="0" status="PASS">
          <reporter-output>
            <line>
              <![CDATA[execute lust method]]>
            </line>
          </reporter-output>
        </test-method> <!-- lust -->
      </class> <!-- testng.Demo3 -->
    </test> <!-- Default test -->
  </suite> <!-- Default suite -->
</testng-results>
